<?xml version="1.0" encoding="UTF-8"?>
<!-- Generated by org.testng.reporters.JUnitReportReporter -->
<testsuite hostname="LAPTOP-BMLCM6GD" failures="0" tests="2" name="InsuranceCalculator_Motorcycle.EndtoEndTests_Motorcycle" time="27.708" errors="0" timestamp="2024-09-10T14:07:52 BDT" skipped="0">
  <testcase classname="InsuranceCalculator_Motorcycle.EndtoEndTests_Motorcycle" name="InsuranceCalculator_VolvoMotor" time="10.696"/>
  <testcase classname="InsuranceCalculator_Motorcycle.EndtoEndTests_Motorcycle" name="InsuranceCalculator_fordMotor" time="17.012"/>
</testsuite> <!-- InsuranceCalculator_Motorcycle.EndtoEndTests_Motorcycle -->
